<?xml version="1.0" encoding="UTF-8"?>
<testng-results skipped="0" failed="2" ignored="0" total="7" passed="5">
  <reporter-output>
  </reporter-output>
  <suite name="Weather Test Suite" duration-ms="288614" started-at="2020-09-05T19:12:23Z" finished-at="2020-09-05T19:17:11Z">
    <groups>
    </groups>
    <test name="Check UI Weather" duration-ms="272494" started-at="2020-09-05T19:12:23Z" finished-at="2020-09-05T19:16:55Z">
      <class name="com.tv.testcases.WeatherTest">
        <test-method status="PASS" signature="triggerDependency(java.lang.String)[pri:0, instance:com.tv.testcases.WeatherTest@6e1ec318]" name="triggerDependency" is-config="true" duration-ms="111095" started-at="2020-09-05T19:12:23Z" finished-at="2020-09-05T19:14:14Z">
          <params>
            <param index="0">
              <value>
                <![CDATA[Web]]>
              </value>
            </param>
          </params>
          <reporter-output>
          </reporter-output>
        </test-method> <!-- triggerDependency -->
        <test-method status="PASS" signature="setUp()[pri:0, instance:com.tv.testcases.WeatherTest@6e1ec318]" name="setUp" is-config="true" duration-ms="2837" started-at="2020-09-05T19:14:14Z" finished-at="2020-09-05T19:14:17Z">
          <reporter-output>
          </reporter-output>
        </test-method> <!-- setUp -->
        <test-method status="PASS" signature="verifyHomePageTitle()[pri:1, instance:com.tv.testcases.WeatherTest@6e1ec318]" name="verifyHomePageTitle" duration-ms="1004" started-at="2020-09-05T19:14:17Z" finished-at="2020-09-05T19:14:18Z">
          <reporter-output>
          </reporter-output>
        </test-method> <!-- verifyHomePageTitle -->
        <test-method status="PASS" signature="setUp()[pri:0, instance:com.tv.testcases.WeatherTest@6e1ec318]" name="setUp" is-config="true" duration-ms="3" started-at="2020-09-05T19:14:18Z" finished-at="2020-09-05T19:14:18Z">
          <reporter-output>
          </reporter-output>
        </test-method> <!-- setUp -->
        <test-method status="PASS" signature="clickNotificationPopUp()[pri:2, instance:com.tv.testcases.WeatherTest@6e1ec318]" name="clickNotificationPopUp" duration-ms="99209" started-at="2020-09-05T19:14:18Z" finished-at="2020-09-05T19:15:57Z">
          <reporter-output>
          </reporter-output>
        </test-method> <!-- clickNotificationPopUp -->
        <test-method status="PASS" signature="setUp()[pri:0, instance:com.tv.testcases.WeatherTest@6e1ec318]" name="setUp" is-config="true" duration-ms="15" started-at="2020-09-05T19:15:57Z" finished-at="2020-09-05T19:15:57Z">
          <reporter-output>
          </reporter-output>
        </test-method> <!-- setUp -->
        <test-method status="FAIL" signature="clickonWeatherTab()[pri:3, instance:com.tv.testcases.WeatherTest@6e1ec318]" name="clickonWeatherTab" duration-ms="29666" started-at="2020-09-05T19:15:57Z" finished-at="2020-09-05T19:16:27Z">
          <exception class="org.openqa.selenium.TimeoutException">
            <message>
              <![CDATA[timeout: Timed out receiving message from renderer: 20.000
  (Session info: chrome=84.0.4147.135)
Build info: version: '3.8.1', revision: '6e95a6684b', time: '2017-12-01T18:33:54.468Z'
System info: host: 'LAPTOP-7FEBO63T', ip: '192.168.1.3', os.name: 'Windows 10', os.arch: 'amd64', os.version: '10.0', java.version: '1.8.0_231'
Driver info: org.openqa.selenium.chrome.ChromeDriver
Capabilities {acceptInsecureCerts: false, browserName: chrome, browserVersion: 84.0.4147.135, chrome: {chromedriverVersion: 84.0.4147.30 (48b3e868b4cc0..., userDataDir: C:\Users\91876\AppData\Loca...}, goog:chromeOptions: {debuggerAddress: localhost:53725}, javascriptEnabled: true, networkConnectionEnabled: false, pageLoadStrategy: normal, platform: WINDOWS, platformName: WINDOWS, proxy: Proxy(), setWindowRect: true, strictFileInteractability: false, timeouts: {implicit: 0, pageLoad: 300000, script: 30000}, unhandledPromptBehavior: dismiss and notify, webauthn:virtualAuthenticators: true}
Session ID: aed01304c2b4493fdb66ba78602aa5f5]]>
            </message>
            <full-stacktrace>
              <![CDATA[org.openqa.selenium.TimeoutException: timeout: Timed out receiving message from renderer: 20.000
  (Session info: chrome=84.0.4147.135)
Build info: version: '3.8.1', revision: '6e95a6684b', time: '2017-12-01T18:33:54.468Z'
System info: host: 'LAPTOP-7FEBO63T', ip: '192.168.1.3', os.name: 'Windows 10', os.arch: 'amd64', os.version: '10.0', java.version: '1.8.0_231'
Driver info: org.openqa.selenium.chrome.ChromeDriver
Capabilities {acceptInsecureCerts: false, browserName: chrome, browserVersion: 84.0.4147.135, chrome: {chromedriverVersion: 84.0.4147.30 (48b3e868b4cc0..., userDataDir: C:\Users\91876\AppData\Loca...}, goog:chromeOptions: {debuggerAddress: localhost:53725}, javascriptEnabled: true, networkConnectionEnabled: false, pageLoadStrategy: normal, platform: WINDOWS, platformName: WINDOWS, proxy: Proxy(), setWindowRect: true, strictFileInteractability: false, timeouts: {implicit: 0, pageLoad: 300000, script: 30000}, unhandledPromptBehavior: dismiss and notify, webauthn:virtualAuthenticators: true}
Session ID: aed01304c2b4493fdb66ba78602aa5f5
at sun.reflect.NativeConstructorAccessorImpl.newInstance0(Native Method)
at sun.reflect.NativeConstructorAccessorImpl.newInstance(Unknown Source)
at sun.reflect.DelegatingConstructorAccessorImpl.newInstance(Unknown Source)
at java.lang.reflect.Constructor.newInstance(Unknown Source)
at org.openqa.selenium.remote.http.W3CHttpResponseCodec.createException(W3CHttpResponseCodec.java:187)
at org.openqa.selenium.remote.http.W3CHttpResponseCodec.decode(W3CHttpResponseCodec.java:122)
at org.openqa.selenium.remote.http.W3CHttpResponseCodec.decode(W3CHttpResponseCodec.java:49)
at org.openqa.selenium.remote.HttpCommandExecutor.execute(HttpCommandExecutor.java:164)
at org.openqa.selenium.remote.service.DriverCommandExecutor.execute(DriverCommandExecutor.java:83)
at org.openqa.selenium.remote.RemoteWebDriver.execute(RemoteWebDriver.java:601)
at org.openqa.selenium.remote.RemoteWebElement.execute(RemoteWebElement.java:279)
at org.openqa.selenium.remote.RemoteWebElement.click(RemoteWebElement.java:83)
at sun.reflect.NativeMethodAccessorImpl.invoke0(Native Method)
at sun.reflect.NativeMethodAccessorImpl.invoke(Unknown Source)
at sun.reflect.DelegatingMethodAccessorImpl.invoke(Unknown Source)
at java.lang.reflect.Method.invoke(Unknown Source)
at org.openqa.selenium.support.pagefactory.internal.LocatingElementHandler.invoke(LocatingElementHandler.java:51)
at com.sun.proxy.$Proxy11.click(Unknown Source)
at com.tv.pom.pages.NdtvHomePage.clickOnWeatherTab(NdtvHomePage.java:43)
at com.tv.testcases.WeatherTest.clickonWeatherTab(WeatherTest.java:38)
at sun.reflect.NativeMethodAccessorImpl.invoke0(Native Method)
at sun.reflect.NativeMethodAccessorImpl.invoke(Unknown Source)
at sun.reflect.DelegatingMethodAccessorImpl.invoke(Unknown Source)
at java.lang.reflect.Method.invoke(Unknown Source)
at org.testng.internal.MethodInvocationHelper.invokeMethod(MethodInvocationHelper.java:124)
at org.testng.internal.Invoker.invokeMethod(Invoker.java:583)
at org.testng.internal.Invoker.invokeTestMethod(Invoker.java:719)
at org.testng.internal.Invoker.invokeTestMethods(Invoker.java:989)
at org.testng.internal.TestMethodWorker.invokeTestMethods(TestMethodWorker.java:125)
at org.testng.internal.TestMethodWorker.run(TestMethodWorker.java:109)
at org.testng.TestRunner.privateRun(TestRunner.java:648)
at org.testng.TestRunner.run(TestRunner.java:505)
at org.testng.SuiteRunner.runTest(SuiteRunner.java:455)
at org.testng.SuiteRunner.runSequentially(SuiteRunner.java:450)
at org.testng.SuiteRunner.privateRun(SuiteRunner.java:415)
at org.testng.SuiteRunner.run(SuiteRunner.java:364)
at org.testng.SuiteRunnerWorker.runSuite(SuiteRunnerWorker.java:52)
at org.testng.SuiteRunnerWorker.run(SuiteRunnerWorker.java:84)
at org.testng.TestNG.runSuitesSequentially(TestNG.java:1208)
at org.testng.TestNG.runSuitesLocally(TestNG.java:1137)
at org.testng.TestNG.runSuites(TestNG.java:1049)
at org.testng.TestNG.run(TestNG.java:1017)
at org.testng.remote.AbstractRemoteTestNG.run(AbstractRemoteTestNG.java:132)
at org.testng.remote.RemoteTestNG.initAndRun(RemoteTestNG.java:230)
at org.testng.remote.RemoteTestNG.main(RemoteTestNG.java:76)
]]>
            </full-stacktrace>
          </exception> <!-- org.openqa.selenium.TimeoutException -->
          <reporter-output>
          </reporter-output>
        </test-method> <!-- clickonWeatherTab -->
        <test-method status="PASS" signature="setUp()[pri:0, instance:com.tv.testcases.WeatherTest@6e1ec318]" name="setUp" is-config="true" duration-ms="29" started-at="2020-09-05T19:16:27Z" finished-at="2020-09-05T19:16:27Z">
          <reporter-output>
          </reporter-output>
        </test-method> <!-- setUp -->
        <test-method status="PASS" signature="verifyWeatherPageTitle()[pri:4, instance:com.tv.testcases.WeatherTest@6e1ec318]" name="verifyWeatherPageTitle" duration-ms="1916" started-at="2020-09-05T19:16:27Z" finished-at="2020-09-05T19:16:29Z">
          <reporter-output>
          </reporter-output>
        </test-method> <!-- verifyWeatherPageTitle -->
        <test-method status="PASS" signature="setUp()[pri:0, instance:com.tv.testcases.WeatherTest@6e1ec318]" name="setUp" is-config="true" duration-ms="9" started-at="2020-09-05T19:16:29Z" finished-at="2020-09-05T19:16:29Z">
          <reporter-output>
          </reporter-output>
        </test-method> <!-- setUp -->
        <test-method status="FAIL" signature="selectCity()[pri:5, instance:com.tv.testcases.WeatherTest@6e1ec318]" name="selectCity" duration-ms="16940" started-at="2020-09-05T19:16:29Z" finished-at="2020-09-05T19:16:46Z">
          <exception class="java.lang.ClassCastException">
            <message>
              <![CDATA[org.openqa.selenium.By$ById cannot be cast to org.openqa.selenium.WebElement]]>
            </message>
            <full-stacktrace>
              <![CDATA[java.lang.ClassCastException: org.openqa.selenium.By$ById cannot be cast to org.openqa.selenium.WebElement
at com.tv.pom.pages.NdtvWeatherPage.checkCity(NdtvWeatherPage.java:58)
at com.tv.pom.pages.NdtvWeatherPage.enterCity(NdtvWeatherPage.java:42)
at com.tv.testcases.WeatherTest.selectCity(WeatherTest.java:47)
at sun.reflect.NativeMethodAccessorImpl.invoke0(Native Method)
at sun.reflect.NativeMethodAccessorImpl.invoke(Unknown Source)
at sun.reflect.DelegatingMethodAccessorImpl.invoke(Unknown Source)
at java.lang.reflect.Method.invoke(Unknown Source)
at org.testng.internal.MethodInvocationHelper.invokeMethod(MethodInvocationHelper.java:124)
at org.testng.internal.Invoker.invokeMethod(Invoker.java:583)
at org.testng.internal.Invoker.invokeTestMethod(Invoker.java:719)
at org.testng.internal.Invoker.invokeTestMethods(Invoker.java:989)
at org.testng.internal.TestMethodWorker.invokeTestMethods(TestMethodWorker.java:125)
at org.testng.internal.TestMethodWorker.run(TestMethodWorker.java:109)
at org.testng.TestRunner.privateRun(TestRunner.java:648)
at org.testng.TestRunner.run(TestRunner.java:505)
at org.testng.SuiteRunner.runTest(SuiteRunner.java:455)
at org.testng.SuiteRunner.runSequentially(SuiteRunner.java:450)
at org.testng.SuiteRunner.privateRun(SuiteRunner.java:415)
at org.testng.SuiteRunner.run(SuiteRunner.java:364)
at org.testng.SuiteRunnerWorker.runSuite(SuiteRunnerWorker.java:52)
at org.testng.SuiteRunnerWorker.run(SuiteRunnerWorker.java:84)
at org.testng.TestNG.runSuitesSequentially(TestNG.java:1208)
at org.testng.TestNG.runSuitesLocally(TestNG.java:1137)
at org.testng.TestNG.runSuites(TestNG.java:1049)
at org.testng.TestNG.run(TestNG.java:1017)
at org.testng.remote.AbstractRemoteTestNG.run(AbstractRemoteTestNG.java:132)
at org.testng.remote.RemoteTestNG.initAndRun(RemoteTestNG.java:230)
at org.testng.remote.RemoteTestNG.main(RemoteTestNG.java:76)
]]>
            </full-stacktrace>
          </exception> <!-- java.lang.ClassCastException -->
          <reporter-output>
          </reporter-output>
        </test-method> <!-- selectCity -->
        <test-method status="PASS" signature="closeBrowser()[pri:0, instance:com.tv.testcases.WeatherTest@6e1ec318]" name="closeBrowser" is-config="true" duration-ms="9277" started-at="2020-09-05T19:16:46Z" finished-at="2020-09-05T19:16:55Z">
          <reporter-output>
          </reporter-output>
        </test-method> <!-- closeBrowser -->
      </class> <!-- com.tv.testcases.WeatherTest -->
    </test> <!-- Check UI Weather -->
    <test name="Check API Weather" duration-ms="15631" started-at="2020-09-05T19:16:56Z" finished-at="2020-09-05T19:17:11Z">
      <class name="com.tv.testcases.APIWeatherTest">
        <test-method status="PASS" signature="triggerDependency(java.lang.String)[pri:0, instance:com.tv.testcases.APIWeatherTest@185d8b6]" name="triggerDependency" is-config="true" duration-ms="601" started-at="2020-09-05T19:16:56Z" finished-at="2020-09-05T19:16:56Z">
          <params>
            <param index="0">
              <value>
                <![CDATA[API]]>
              </value>
            </param>
          </params>
          <reporter-output>
          </reporter-output>
        </test-method> <!-- triggerDependency -->
        <test-method status="PASS" signature="generateURL_MemberDetails()[pri:0, instance:com.tv.testcases.APIWeatherTest@185d8b6]" name="generateURL_MemberDetails" is-config="true" duration-ms="9083" started-at="2020-09-05T19:16:56Z" finished-at="2020-09-05T19:17:05Z">
          <reporter-output>
          </reporter-output>
        </test-method> <!-- generateURL_MemberDetails -->
        <test-method status="PASS" signature="verifyStatusCode()[pri:1, instance:com.tv.testcases.APIWeatherTest@185d8b6]" name="verifyStatusCode" duration-ms="48" started-at="2020-09-05T19:17:05Z" finished-at="2020-09-05T19:17:05Z">
          <reporter-output>
          </reporter-output>
        </test-method> <!-- verifyStatusCode -->
        <test-method status="PASS" signature="getTemprature()[pri:2, instance:com.tv.testcases.APIWeatherTest@185d8b6]" name="getTemprature" duration-ms="5841" started-at="2020-09-05T19:17:06Z" finished-at="2020-09-05T19:17:11Z">
          <reporter-output>
          </reporter-output>
        </test-method> <!-- getTemprature -->
        <test-method status="PASS" signature="closeBrowser()[pri:0, instance:com.tv.testcases.APIWeatherTest@185d8b6]" name="closeBrowser" is-config="true" duration-ms="2" started-at="2020-09-05T19:17:11Z" finished-at="2020-09-05T19:17:11Z">
          <reporter-output>
          </reporter-output>
        </test-method> <!-- closeBrowser -->
      </class> <!-- com.tv.testcases.APIWeatherTest -->
    </test> <!-- Check API Weather -->
  </suite> <!-- Weather Test Suite -->
</testng-results>
